<?xml version="1.0" encoding="UTF-8"?>
<testsuite xmlns:xsi="http://www.w3.org/2001/XMLSchema-instance" xsi:noNamespaceSchemaLocation="https://maven.apache.org/surefire/maven-surefire-plugin/xsd/surefire-test-report-3.0.xsd" version="3.0" name="com.insider.tests.InsiderWebsiteTest" time="51.026" tests="1" errors="0" skipped="0" failures="0">
  <properties>
    <property name="java.specification.version" value="21"/>
    <property name="webdriver.chrome.driver" value="/Users/mac/Desktop/omer_sezer_case/web_driver/chromedriver"/>
    <property name="sun.jnu.encoding" value="UTF-8"/>
    <property name="java.class.path" value="/Users/mac/Desktop/omer_sezer_case/target/test-classes:/Users/mac/Desktop/omer_sezer_case/target/classes:/Users/mac/.m2/repository/org/seleniumhq/selenium/selenium-java/4.15.0/selenium-java-4.15.0.jar:/Users/mac/.m2/repository/org/seleniumhq/selenium/selenium-api/4.15.0/selenium-api-4.15.0.jar:/Users/mac/.m2/repository/org/seleniumhq/selenium/selenium-chrome-driver/4.15.0/selenium-chrome-driver-4.15.0.jar:/Users/mac/.m2/repository/com/google/auto/service/auto-service-annotations/1.1.1/auto-service-annotations-1.1.1.jar:/Users/mac/.m2/repository/org/seleniumhq/selenium/selenium-chromium-driver/4.15.0/selenium-chromium-driver-4.15.0.jar:/Users/mac/.m2/repository/org/seleniumhq/selenium/selenium-json/4.15.0/selenium-json-4.15.0.jar:/Users/mac/.m2/repository/org/seleniumhq/selenium/selenium-manager/4.15.0/selenium-manager-4.15.0.jar:/Users/mac/.m2/repository/org/seleniumhq/selenium/selenium-devtools-v117/4.15.0/selenium-devtools-v117-4.15.0.jar:/Users/mac/.m2/repository/org/seleniumhq/selenium/selenium-devtools-v118/4.15.0/selenium-devtools-v118-4.15.0.jar:/Users/mac/.m2/repository/org/seleniumhq/selenium/selenium-devtools-v119/4.15.0/selenium-devtools-v119-4.15.0.jar:/Users/mac/.m2/repository/org/seleniumhq/selenium/selenium-devtools-v85/4.15.0/selenium-devtools-v85-4.15.0.jar:/Users/mac/.m2/repository/org/seleniumhq/selenium/selenium-edge-driver/4.15.0/selenium-edge-driver-4.15.0.jar:/Users/mac/.m2/repository/org/seleniumhq/selenium/selenium-firefox-driver/4.15.0/selenium-firefox-driver-4.15.0.jar:/Users/mac/.m2/repository/org/seleniumhq/selenium/selenium-http/4.15.0/selenium-http-4.15.0.jar:/Users/mac/.m2/repository/dev/failsafe/failsafe/3.3.2/failsafe-3.3.2.jar:/Users/mac/.m2/repository/org/seleniumhq/selenium/selenium-ie-driver/4.15.0/selenium-ie-driver-4.15.0.jar:/Users/mac/.m2/repository/org/seleniumhq/selenium/selenium-remote-driver/4.15.0/selenium-remote-driver-4.15.0.jar:/Users/mac/.m2/repository/com/google/guava/guava/32.1.2-jre/guava-32.1.2-jre.jar:/Users/mac/.m2/repository/com/google/guava/failureaccess/1.0.1/failureaccess-1.0.1.jar:/Users/mac/.m2/repository/com/google/guava/listenablefuture/9999.0-empty-to-avoid-conflict-with-guava/listenablefuture-9999.0-empty-to-avoid-conflict-with-guava.jar:/Users/mac/.m2/repository/com/google/code/findbugs/jsr305/3.0.2/jsr305-3.0.2.jar:/Users/mac/.m2/repository/org/checkerframework/checker-qual/3.33.0/checker-qual-3.33.0.jar:/Users/mac/.m2/repository/com/google/errorprone/error_prone_annotations/2.18.0/error_prone_annotations-2.18.0.jar:/Users/mac/.m2/repository/com/google/j2objc/j2objc-annotations/2.8/j2objc-annotations-2.8.jar:/Users/mac/.m2/repository/io/opentelemetry/opentelemetry-api/1.28.0/opentelemetry-api-1.28.0.jar:/Users/mac/.m2/repository/io/opentelemetry/opentelemetry-context/1.28.0/opentelemetry-context-1.28.0.jar:/Users/mac/.m2/repository/io/opentelemetry/opentelemetry-exporter-logging/1.28.0/opentelemetry-exporter-logging-1.28.0.jar:/Users/mac/.m2/repository/io/opentelemetry/opentelemetry-sdk-metrics/1.28.0/opentelemetry-sdk-metrics-1.28.0.jar:/Users/mac/.m2/repository/io/opentelemetry/opentelemetry-extension-incubator/1.28.0-alpha/opentelemetry-extension-incubator-1.28.0-alpha.jar:/Users/mac/.m2/repository/io/opentelemetry/opentelemetry-sdk-logs/1.28.0/opentelemetry-sdk-logs-1.28.0.jar:/Users/mac/.m2/repository/io/opentelemetry/opentelemetry-sdk-common/1.28.0/opentelemetry-sdk-common-1.28.0.jar:/Users/mac/.m2/repository/io/opentelemetry/opentelemetry-sdk-extension-autoconfigure-spi/1.28.0/opentelemetry-sdk-extension-autoconfigure-spi-1.28.0.jar:/Users/mac/.m2/repository/io/opentelemetry/opentelemetry-sdk-extension-autoconfigure/1.28.0/opentelemetry-sdk-extension-autoconfigure-1.28.0.jar:/Users/mac/.m2/repository/io/opentelemetry/opentelemetry-api-events/1.28.0-alpha/opentelemetry-api-events-1.28.0-alpha.jar:/Users/mac/.m2/repository/io/opentelemetry/opentelemetry-sdk-trace/1.28.0/opentelemetry-sdk-trace-1.28.0.jar:/Users/mac/.m2/repository/io/opentelemetry/opentelemetry-sdk/1.28.0/opentelemetry-sdk-1.28.0.jar:/Users/mac/.m2/repository/io/opentelemetry/opentelemetry-semconv/1.28.0-alpha/opentelemetry-semconv-1.28.0-alpha.jar:/Users/mac/.m2/repository/net/bytebuddy/byte-buddy/1.14.5/byte-buddy-1.14.5.jar:/Users/mac/.m2/repository/org/seleniumhq/selenium/selenium-os/4.15.0/selenium-os-4.15.0.jar:/Users/mac/.m2/repository/org/apache/commons/commons-exec/1.3/commons-exec-1.3.jar:/Users/mac/.m2/repository/org/seleniumhq/selenium/selenium-safari-driver/4.15.0/selenium-safari-driver-4.15.0.jar:/Users/mac/.m2/repository/org/seleniumhq/selenium/selenium-support/4.15.0/selenium-support-4.15.0.jar:/Users/mac/.m2/repository/org/testng/testng/7.8.0/testng-7.8.0.jar:/Users/mac/.m2/repository/com/beust/jcommander/1.82/jcommander-1.82.jar:/Users/mac/.m2/repository/org/webjars/jquery/3.6.1/jquery-3.6.1.jar:/Users/mac/.m2/repository/org/slf4j/slf4j-api/2.0.9/slf4j-api-2.0.9.jar:/Users/mac/.m2/repository/ch/qos/logback/logback-classic/1.4.11/logback-classic-1.4.11.jar:/Users/mac/.m2/repository/ch/qos/logback/logback-core/1.4.11/logback-core-1.4.11.jar:"/>
    <property name="java.vm.vendor" value="Oracle Corporation"/>
    <property name="sun.arch.data.model" value="64"/>
    <property name="java.vendor.url" value="https://java.oracle.com/"/>
    <property name="user.timezone" value="Europe/Istanbul"/>
    <property name="os.name" value="Mac OS X"/>
    <property name="java.vm.specification.version" value="21"/>
    <property name="sun.java.launcher" value="SUN_STANDARD"/>
    <property name="user.country" value="TR"/>
    <property name="sun.boot.library.path" value="/Library/Java/JavaVirtualMachines/jdk-21.jdk/Contents/Home/lib"/>
    <property name="sun.java.command" value="/Users/mac/Desktop/omer_sezer_case/target/surefire/surefirebooter-20250909115218945_3.jar /Users/mac/Desktop/omer_sezer_case/target/surefire 2025-09-09T11-52-18_622-jvmRun1 surefire-20250909115218945_1tmp surefire_0-20250909115218945_2tmp"/>
    <property name="http.nonProxyHosts" value="local|*.local|169.254/16|*.169.254/16"/>
    <property name="jdk.debug" value="release"/>
    <property name="test" value="InsiderWebsiteTest#testViewRoleRedirection"/>
    <property name="surefire.test.class.path" value="/Users/mac/Desktop/omer_sezer_case/target/test-classes:/Users/mac/Desktop/omer_sezer_case/target/classes:/Users/mac/.m2/repository/org/seleniumhq/selenium/selenium-java/4.15.0/selenium-java-4.15.0.jar:/Users/mac/.m2/repository/org/seleniumhq/selenium/selenium-api/4.15.0/selenium-api-4.15.0.jar:/Users/mac/.m2/repository/org/seleniumhq/selenium/selenium-chrome-driver/4.15.0/selenium-chrome-driver-4.15.0.jar:/Users/mac/.m2/repository/com/google/auto/service/auto-service-annotations/1.1.1/auto-service-annotations-1.1.1.jar:/Users/mac/.m2/repository/org/seleniumhq/selenium/selenium-chromium-driver/4.15.0/selenium-chromium-driver-4.15.0.jar:/Users/mac/.m2/repository/org/seleniumhq/selenium/selenium-json/4.15.0/selenium-json-4.15.0.jar:/Users/mac/.m2/repository/org/seleniumhq/selenium/selenium-manager/4.15.0/selenium-manager-4.15.0.jar:/Users/mac/.m2/repository/org/seleniumhq/selenium/selenium-devtools-v117/4.15.0/selenium-devtools-v117-4.15.0.jar:/Users/mac/.m2/repository/org/seleniumhq/selenium/selenium-devtools-v118/4.15.0/selenium-devtools-v118-4.15.0.jar:/Users/mac/.m2/repository/org/seleniumhq/selenium/selenium-devtools-v119/4.15.0/selenium-devtools-v119-4.15.0.jar:/Users/mac/.m2/repository/org/seleniumhq/selenium/selenium-devtools-v85/4.15.0/selenium-devtools-v85-4.15.0.jar:/Users/mac/.m2/repository/org/seleniumhq/selenium/selenium-edge-driver/4.15.0/selenium-edge-driver-4.15.0.jar:/Users/mac/.m2/repository/org/seleniumhq/selenium/selenium-firefox-driver/4.15.0/selenium-firefox-driver-4.15.0.jar:/Users/mac/.m2/repository/org/seleniumhq/selenium/selenium-http/4.15.0/selenium-http-4.15.0.jar:/Users/mac/.m2/repository/dev/failsafe/failsafe/3.3.2/failsafe-3.3.2.jar:/Users/mac/.m2/repository/org/seleniumhq/selenium/selenium-ie-driver/4.15.0/selenium-ie-driver-4.15.0.jar:/Users/mac/.m2/repository/org/seleniumhq/selenium/selenium-remote-driver/4.15.0/selenium-remote-driver-4.15.0.jar:/Users/mac/.m2/repository/com/google/guava/guava/32.1.2-jre/guava-32.1.2-jre.jar:/Users/mac/.m2/repository/com/google/guava/failureaccess/1.0.1/failureaccess-1.0.1.jar:/Users/mac/.m2/repository/com/google/guava/listenablefuture/9999.0-empty-to-avoid-conflict-with-guava/listenablefuture-9999.0-empty-to-avoid-conflict-with-guava.jar:/Users/mac/.m2/repository/com/google/code/findbugs/jsr305/3.0.2/jsr305-3.0.2.jar:/Users/mac/.m2/repository/org/checkerframework/checker-qual/3.33.0/checker-qual-3.33.0.jar:/Users/mac/.m2/repository/com/google/errorprone/error_prone_annotations/2.18.0/error_prone_annotations-2.18.0.jar:/Users/mac/.m2/repository/com/google/j2objc/j2objc-annotations/2.8/j2objc-annotations-2.8.jar:/Users/mac/.m2/repository/io/opentelemetry/opentelemetry-api/1.28.0/opentelemetry-api-1.28.0.jar:/Users/mac/.m2/repository/io/opentelemetry/opentelemetry-context/1.28.0/opentelemetry-context-1.28.0.jar:/Users/mac/.m2/repository/io/opentelemetry/opentelemetry-exporter-logging/1.28.0/opentelemetry-exporter-logging-1.28.0.jar:/Users/mac/.m2/repository/io/opentelemetry/opentelemetry-sdk-metrics/1.28.0/opentelemetry-sdk-metrics-1.28.0.jar:/Users/mac/.m2/repository/io/opentelemetry/opentelemetry-extension-incubator/1.28.0-alpha/opentelemetry-extension-incubator-1.28.0-alpha.jar:/Users/mac/.m2/repository/io/opentelemetry/opentelemetry-sdk-logs/1.28.0/opentelemetry-sdk-logs-1.28.0.jar:/Users/mac/.m2/repository/io/opentelemetry/opentelemetry-sdk-common/1.28.0/opentelemetry-sdk-common-1.28.0.jar:/Users/mac/.m2/repository/io/opentelemetry/opentelemetry-sdk-extension-autoconfigure-spi/1.28.0/opentelemetry-sdk-extension-autoconfigure-spi-1.28.0.jar:/Users/mac/.m2/repository/io/opentelemetry/opentelemetry-sdk-extension-autoconfigure/1.28.0/opentelemetry-sdk-extension-autoconfigure-1.28.0.jar:/Users/mac/.m2/repository/io/opentelemetry/opentelemetry-api-events/1.28.0-alpha/opentelemetry-api-events-1.28.0-alpha.jar:/Users/mac/.m2/repository/io/opentelemetry/opentelemetry-sdk-trace/1.28.0/opentelemetry-sdk-trace-1.28.0.jar:/Users/mac/.m2/repository/io/opentelemetry/opentelemetry-sdk/1.28.0/opentelemetry-sdk-1.28.0.jar:/Users/mac/.m2/repository/io/opentelemetry/opentelemetry-semconv/1.28.0-alpha/opentelemetry-semconv-1.28.0-alpha.jar:/Users/mac/.m2/repository/net/bytebuddy/byte-buddy/1.14.5/byte-buddy-1.14.5.jar:/Users/mac/.m2/repository/org/seleniumhq/selenium/selenium-os/4.15.0/selenium-os-4.15.0.jar:/Users/mac/.m2/repository/org/apache/commons/commons-exec/1.3/commons-exec-1.3.jar:/Users/mac/.m2/repository/org/seleniumhq/selenium/selenium-safari-driver/4.15.0/selenium-safari-driver-4.15.0.jar:/Users/mac/.m2/repository/org/seleniumhq/selenium/selenium-support/4.15.0/selenium-support-4.15.0.jar:/Users/mac/.m2/repository/org/testng/testng/7.8.0/testng-7.8.0.jar:/Users/mac/.m2/repository/com/beust/jcommander/1.82/jcommander-1.82.jar:/Users/mac/.m2/repository/org/webjars/jquery/3.6.1/jquery-3.6.1.jar:/Users/mac/.m2/repository/org/slf4j/slf4j-api/2.0.9/slf4j-api-2.0.9.jar:/Users/mac/.m2/repository/ch/qos/logback/logback-classic/1.4.11/logback-classic-1.4.11.jar:/Users/mac/.m2/repository/ch/qos/logback/logback-core/1.4.11/logback-core-1.4.11.jar:"/>
    <property name="sun.cpu.endian" value="little"/>
    <property name="user.home" value="/Users/mac"/>
    <property name="user.language" value="tr"/>
    <property name="java.specification.vendor" value="Oracle Corporation"/>
    <property name="java.version.date" value="2024-07-16"/>
    <property name="java.home" value="/Library/Java/JavaVirtualMachines/jdk-21.jdk/Contents/Home"/>
    <property name="file.separator" value="/"/>
    <property name="basedir" value="/Users/mac/Desktop/omer_sezer_case"/>
    <property name="java.vm.compressedOopsMode" value="Zero based"/>
    <property name="line.separator" value="&#10;"/>
    <property name="java.vm.specification.vendor" value="Oracle Corporation"/>
    <property name="java.specification.name" value="Java Platform API Specification"/>
    <property name="apple.awt.application.name" value="ForkedBooter"/>
    <property name="surefire.real.class.path" value="/Users/mac/Desktop/omer_sezer_case/target/surefire/surefirebooter-20250909115218945_3.jar"/>
    <property name="sun.management.compiler" value="HotSpot 64-Bit Tiered Compilers"/>
    <property name="ftp.nonProxyHosts" value="local|*.local|169.254/16|*.169.254/16"/>
    <property name="java.runtime.version" value="21.0.4+8-LTS-274"/>
    <property name="user.name" value="mac"/>
    <property name="stdout.encoding" value="UTF-8"/>
    <property name="path.separator" value=":"/>
    <property name="os.version" value="15.6.1"/>
    <property name="java.runtime.name" value="Java(TM) SE Runtime Environment"/>
    <property name="file.encoding" value="UTF-8"/>
    <property name="java.vm.name" value="Java HotSpot(TM) 64-Bit Server VM"/>
    <property name="localRepository" value="/Users/mac/.m2/repository"/>
    <property name="java.vendor.url.bug" value="https://bugreport.java.com/bugreport/"/>
    <property name="java.io.tmpdir" value="/var/folders/9k/zsj9ng5s5fd6h1lq8rw2yjpc0000gn/T/"/>
    <property name="java.version" value="21.0.4"/>
    <property name="user.dir" value="/Users/mac/Desktop/omer_sezer_case"/>
    <property name="os.arch" value="x86_64"/>
    <property name="java.vm.specification.name" value="Java Virtual Machine Specification"/>
    <property name="native.encoding" value="UTF-8"/>
    <property name="java.library.path" value="/Users/mac/Library/Java/Extensions:/Library/Java/Extensions:/Network/Library/Java/Extensions:/System/Library/Java/Extensions:/usr/lib/java:."/>
    <property name="java.vm.info" value="mixed mode, sharing"/>
    <property name="stderr.encoding" value="UTF-8"/>
    <property name="java.vendor" value="Oracle Corporation"/>
    <property name="java.vm.version" value="21.0.4+8-LTS-274"/>
    <property name="sun.io.unicode.encoding" value="UnicodeBig"/>
    <property name="socksNonProxyHosts" value="local|*.local|169.254/16|*.169.254/16"/>
    <property name="java.class.version" value="65.0"/>
  </properties>
  <testcase name="testViewRoleRedirection" classname="com.insider.tests.InsiderWebsiteTest" time="43.071">
    <system-out><![CDATA[11:52:19.687 [main] &amp#27;[34mINFO &amp#27;[0;39m &amp#27;[36mc.insider.tests.InsiderWebsiteTest&amp#27;[0;39m - &amp#27;[32m=== TEST SETUP STARTED ===
&amp#27;[0;39m11:52:21.627 [main] &amp#27;[39mDEBUG&amp#27;[0;39m &amp#27;[36mc.insider.tests.InsiderWebsiteTest&amp#27;[0;39m - &amp#27;[32mInitializing page objects
&amp#27;[0;39m11:52:21.630 [main] &amp#27;[39mDEBUG&amp#27;[0;39m &amp#27;[36mcom.insider.pages.BasePage&amp#27;[0;39m - &amp#27;[32mInitialized BasePage with WebDriver: ChromeDriver
&amp#27;[0;39m11:52:21.632 [main] &amp#27;[39mDEBUG&amp#27;[0;39m &amp#27;[36mcom.insider.pages.BasePage&amp#27;[0;39m - &amp#27;[32mInitialized BasePage with WebDriver: ChromeDriver
&amp#27;[0;39m11:52:21.633 [main] &amp#27;[39mDEBUG&amp#27;[0;39m &amp#27;[36mcom.insider.pages.BasePage&amp#27;[0;39m - &amp#27;[32mInitialized BasePage with WebDriver: ChromeDriver
&amp#27;[0;39m11:52:21.634 [main] &amp#27;[39mDEBUG&amp#27;[0;39m &amp#27;[36mcom.insider.pages.BasePage&amp#27;[0;39m - &amp#27;[32mInitialized BasePage with WebDriver: ChromeDriver
&amp#27;[0;39m11:52:21.634 [main] &amp#27;[39mDEBUG&amp#27;[0;39m &amp#27;[36mc.insider.tests.InsiderWebsiteTest&amp#27;[0;39m - &amp#27;[32mAll page objects initialized successfully
&amp#27;[0;39m11:52:21.634 [main] &amp#27;[34mINFO &amp#27;[0;39m &amp#27;[36mc.insider.tests.InsiderWebsiteTest&amp#27;[0;39m - &amp#27;[32m✓ Test environment setup completed successfully
&amp#27;[0;39m11:52:21.635 [main] &amp#27;[34mINFO &amp#27;[0;39m &amp#27;[36mc.insider.tests.InsiderWebsiteTest&amp#27;[0;39m - &amp#27;[32m=== TEST SETUP COMPLETED ===
&amp#27;[0;39m11:52:21.639 [main] &amp#27;[39mDEBUG&amp#27;[0;39m &amp#27;[36mcom.insider.pages.BasePage&amp#27;[0;39m - &amp#27;[32mInitialized BasePage with WebDriver: ChromeDriver
&amp#27;[0;39m11:52:23.811 [main] &amp#27;[34mINFO &amp#27;[0;39m &amp#27;[36mcom.insider.pages.BasePage&amp#27;[0;39m - &amp#27;[32mTest Step: Clicking 'See All QA Jobs' button
&amp#27;[0;39m11:52:23.811 [main] &amp#27;[39mDEBUG&amp#27;[0;39m &amp#27;[36mcom.insider.pages.BasePage&amp#27;[0;39m - &amp#27;[32mChecking if element is present: By.id: cookie-law-info-bar
&amp#27;[0;39m11:52:23.868 [main] &amp#27;[39mDEBUG&amp#27;[0;39m &amp#27;[36mcom.insider.pages.BasePage&amp#27;[0;39m - &amp#27;[32mElement present status for By.id: cookie-law-info-bar: true
&amp#27;[0;39m11:52:23.868 [main] &amp#27;[39mDEBUG&amp#27;[0;39m &amp#27;[36mcom.insider.pages.BasePage&amp#27;[0;39m - &amp#27;[32mChecking if element is present: By.id: wt-cli-accept-all-btn
&amp#27;[0;39m11:52:23.911 [main] &amp#27;[39mDEBUG&amp#27;[0;39m &amp#27;[36mcom.insider.pages.BasePage&amp#27;[0;39m - &amp#27;[32mElement present status for By.id: wt-cli-accept-all-btn: true
&amp#27;[0;39m11:52:23.911 [main] &amp#27;[39mDEBUG&amp#27;[0;39m &amp#27;[36mcom.insider.pages.BasePage&amp#27;[0;39m - &amp#27;[32mAttempting to click element with locator: By.id: wt-cli-accept-all-btn
&amp#27;[0;39m11:52:24.116 [main] &amp#27;[34mINFO &amp#27;[0;39m &amp#27;[36mcom.insider.pages.BasePage&amp#27;[0;39m - &amp#27;[32mSuccessfully clicked element: By.id: wt-cli-accept-all-btn
&amp#27;[0;39m11:52:24.116 [main] &amp#27;[39mDEBUG&amp#27;[0;39m &amp#27;[36mcom.insider.pages.BasePage&amp#27;[0;39m - &amp#27;[32mAttempting to click element with locator: By.cssSelector: a[href*='qualityassurance'].btn, a[class*='btn'][href*='quality']
&amp#27;[0;39m11:52:25.110 [main] &amp#27;[34mINFO &amp#27;[0;39m &amp#27;[36mcom.insider.pages.BasePage&amp#27;[0;39m - &amp#27;[32mSuccessfully clicked element: By.cssSelector: a[href*='qualityassurance'].btn, a[class*='btn'][href*='quality']
&amp#27;[0;39m11:52:25.110 [main] &amp#27;[39mDEBUG&amp#27;[0;39m &amp#27;[36mcom.insider.pages.BasePage&amp#27;[0;39m - &amp#27;[32mWaiting for element to be visible: By.id: filter-by-location
&amp#27;[0;39m11:52:26.183 [main] &amp#27;[39mDEBUG&amp#27;[0;39m &amp#27;[36mcom.insider.pages.BasePage&amp#27;[0;39m - &amp#27;[32mElement is now visible: By.id: filter-by-location
&amp#27;[0;39m11:52:26.183 [main] &amp#27;[34mINFO &amp#27;[0;39m &amp#27;[36mcom.insider.pages.BasePage&amp#27;[0;39m - &amp#27;[32m✓ SUCCESS: Successfully navigated to QA jobs page and filters are visible
&amp#27;[0;39m11:52:26.184 [main] &amp#27;[34mINFO &amp#27;[0;39m &amp#27;[36mcom.insider.pages.BasePage&amp#27;[0;39m - &amp#27;[32mTest Step: Filtering jobs by location: Istanbul, Turkiye
&amp#27;[0;39m11:52:26.184 [main] &amp#27;[39mDEBUG&amp#27;[0;39m &amp#27;[36mcom.insider.pages.BasePage&amp#27;[0;39m - &amp#27;[32mWaiting for element to be clickable: By.id: filter-by-location
&amp#27;[0;39m11:52:26.207 [main] &amp#27;[39mDEBUG&amp#27;[0;39m &amp#27;[36mcom.insider.pages.BasePage&amp#27;[0;39m - &amp#27;[32mElement is now clickable: By.id: filter-by-location
&amp#27;[0;39m11:52:26.207 [main] &amp#27;[39mDEBUG&amp#27;[0;39m &amp#27;[36mcom.insider.pages.BasePage&amp#27;[0;39m - &amp#27;[32mWaiting for element to be visible: By.id: filter-by-location
&amp#27;[0;39m11:52:26.224 [main] &amp#27;[39mDEBUG&amp#27;[0;39m &amp#27;[36mcom.insider.pages.BasePage&amp#27;[0;39m - &amp#27;[32mElement is now visible: By.id: filter-by-location
&amp#27;[0;39m11:52:26.237 [main] &amp#27;[39mDEBUG&amp#27;[0;39m &amp#27;[36mcom.insider.pages.QACareersPage&amp#27;[0;39m - &amp#27;[32mWaiting for location dropdown options to load
&amp#27;[0;39m11:52:38.854 [main] &amp#27;[39mDEBUG&amp#27;[0;39m &amp#27;[36mcom.insider.pages.QACareersPage&amp#27;[0;39m - &amp#27;[32mLocation dropdown options loaded successfully
&amp#27;[0;39m11:52:43.859 [main] &amp#27;[34mINFO &amp#27;[0;39m &amp#27;[36mcom.insider.pages.QACareersPage&amp#27;[0;39m - &amp#27;[32mSelecting location: Istanbul, Turkiye
&amp#27;[0;39m11:52:43.955 [main] &amp#27;[39mDEBUG&amp#27;[0;39m &amp#27;[36mcom.insider.pages.BasePage&amp#27;[0;39m - &amp#27;[32mWaiting for element to be visible: By.cssSelector: #jobs-list .position-list-item
&amp#27;[0;39m11:52:43.975 [main] &amp#27;[39mDEBUG&amp#27;[0;39m &amp#27;[36mcom.insider.pages.BasePage&amp#27;[0;39m - &amp#27;[32mElement is now visible: By.cssSelector: #jobs-list .position-list-item
&amp#27;[0;39m11:52:46.976 [main] &amp#27;[34mINFO &amp#27;[0;39m &amp#27;[36mcom.insider.pages.BasePage&amp#27;[0;39m - &amp#27;[32m✓ SUCCESS: Successfully filtered jobs by location: Istanbul, Turkiye
&amp#27;[0;39m11:52:46.977 [main] &amp#27;[39mDEBUG&amp#27;[0;39m &amp#27;[36mcom.insider.pages.BasePage&amp#27;[0;39m - &amp#27;[32mWaiting for element to be clickable: By.id: filter-by-department
&amp#27;[0;39m11:52:47.026 [main] &amp#27;[39mDEBUG&amp#27;[0;39m &amp#27;[36mcom.insider.pages.BasePage&amp#27;[0;39m - &amp#27;[32mElement is now clickable: By.id: filter-by-department
&amp#27;[0;39m11:52:47.027 [main] &amp#27;[39mDEBUG&amp#27;[0;39m &amp#27;[36mcom.insider.pages.BasePage&amp#27;[0;39m - &amp#27;[32mWaiting for element to be visible: By.id: filter-by-department
&amp#27;[0;39m11:52:47.043 [main] &amp#27;[39mDEBUG&amp#27;[0;39m &amp#27;[36mcom.insider.pages.BasePage&amp#27;[0;39m - &amp#27;[32mElement is now visible: By.id: filter-by-department
&amp#27;[0;39m11:52:47.081 [main] &amp#27;[39mDEBUG&amp#27;[0;39m &amp#27;[36mcom.insider.pages.BasePage&amp#27;[0;39m - &amp#27;[32mWaiting for element to be visible: By.cssSelector: #jobs-list .position-list-item
&amp#27;[0;39m11:52:47.095 [main] &amp#27;[39mDEBUG&amp#27;[0;39m &amp#27;[36mcom.insider.pages.BasePage&amp#27;[0;39m - &amp#27;[32mElement is now visible: By.cssSelector: #jobs-list .position-list-item
&amp#27;[0;39m11:53:01.225 [main] &amp#27;[39mDEBUG&amp#27;[0;39m &amp#27;[36mcom.insider.pages.BasePage&amp#27;[0;39m - &amp#27;[32mInitialized BasePage with WebDriver: ChromeDriver
&amp#27;[0;39m11:53:01.225 [main] &amp#27;[39mDEBUG&amp#27;[0;39m &amp#27;[36mcom.insider.pages.BasePage&amp#27;[0;39m - &amp#27;[32mWaiting for element to be visible: By.cssSelector: body
&amp#27;[0;39m11:53:04.699 [main] &amp#27;[39mDEBUG&amp#27;[0;39m &amp#27;[36mcom.insider.pages.BasePage&amp#27;[0;39m - &amp#27;[32mElement is now visible: By.cssSelector: body
&amp#27;[0;39m11:53:04.705 [main] &amp#27;[39mDEBUG&amp#27;[0;39m &amp#27;[36mcom.insider.pages.BasePage&amp#27;[0;39m - &amp#27;[32mCurrent URL: https://jobs.lever.co/useinsider/78ddbec0-16bf-4eab-b5a6-04facb993ddc
&amp#27;[0;39m]]></system-out>
    <system-err><![CDATA[Eyl 09, 2025 11:52:21 ÖÖ org.openqa.selenium.devtools.CdpVersionFinder findNearestMatch
WARNING: Unable to find CDP implementation matching 140
Eyl 09, 2025 11:52:21 ÖÖ org.openqa.selenium.chromium.ChromiumDriver lambda$new$5
WARNING: Unable to find version of CDP to use for 140.0.7339.81. You may need to include a dependency on a specific version of the CDP using something similar to `org.seleniumhq.selenium:selenium-devtools-v86:4.15.0` where the version ("v86") matches the version of the chromium-based browser you're using and the version number of the artifact is the same as Selenium's.
]]></system-err>
  </testcase>
</testsuite>