<?xml version="1.0" encoding="UTF-8"?>
<!-- Generated by org.testng.reporters.JUnitReportReporter -->
<testsuite hostname="mac-MacBook-Pro.local" failures="0" tests="1" name="com.insider.tests.InsiderWebsiteTest" time="45.492" errors="0" timestamp="2025-09-09T11:53:10 TRT" skipped="0">
  <testcase classname="com.insider.tests.InsiderWebsiteTest" name="testViewRoleRedirection" time="45.492"/>
</testsuite> <!-- com.insider.tests.InsiderWebsiteTest -->
